Log Date 27.2.25 : 12:53
Active SetInfos :
Var : $MSG_T.VALID -V* Job 32783
Var : $MSG_T.RELEASE -V* Job 32784
Var : $PRO_NAME1[] -V* Job 32785
Var : $PRO_STATE0* Job 33257
Var : $PRO_STATE1* Job 33258
Var : $MOT_STOP* Job 33259
Var : $PERI_RDY -V* Job 33260
Var : $WAIT_FOR[] -V* Job 33261
Var : $LOOP_MSG[] -V* Job 33262
Var : $MODE_OP* Job 33263
Var : $MOUSE_ACT* Job 33265
Var : $PRO_IP* Job 32870
Var : $PRO_MODE* Job 33270
Var : $LINE_SELECT* Job 33271
Var : $COSYS* Job 33272
Var : $TRANSSYS* Job 33273
Var : $MOUSE_DOM* Job 33274
Var : $ACTIVE_AXIS* Job 32778
Var : $ACTIVE_KAR* Job 32779
Var : $PRO_STATE* Job 32781
Var : $OV_JOG* Job 32787
Var : $OV_PRO* Job 32788
Var : $PHGBRIGHT* Job 32789
Var : $PHGCONT* Job 32790
Var : $PAL_MODE* Job 32791
--------
25 active SetInfos

SetInfo Events :
n:new
c:change
d:delete
e:end
Flag Time      Variable             Job
c    159817804             $PRO_IP*  33269
c    159818596      $WAIT_FOR[] -V*  33261
c    159818604             $PRO_IP*  33269
c    159818796      $WAIT_FOR[] -V*  33261
c    159819004             $PRO_IP*  33269
c    159820396      $WAIT_FOR[] -V*  33261
c    159820404             $PRO_IP*  33269
c    159820804             $PRO_IP*  33269
c    159821804             $PRO_IP*  33269
c    159824204             $PRO_IP*  33269
c    159826404             $PRO_IP*  33269
c    159827804             $PRO_IP*  33269
c    159828796      $WAIT_FOR[] -V*  33261
c    159828804             $PRO_IP*  33269
c    159830596      $WAIT_FOR[] -V*  33261
c    159830604             $PRO_IP*  33269
c    159830796      $WAIT_FOR[] -V*  33261
c    159831004             $PRO_IP*  33269
c    159831404             $PRO_IP*  33269
c    159832796      $WAIT_FOR[] -V*  33261
c    159832804             $PRO_IP*  33269
c    159833796      $WAIT_FOR[] -V*  33261
c    159833804             $PRO_IP*  33269
c    159834604             $PRO_IP*  33269
c    159837004             $PRO_IP*  33269
c    159837032  $PRO_IP.NAME_C[] -V  33013
c    159838604             $PRO_IP*  33269
c    159841004             $PRO_IP*  33269
c    159841404             $PRO_IP*  33269
c    159842796      $WAIT_FOR[] -V*  33261
c    159842804             $PRO_IP*  33269
c    159842996      $WAIT_FOR[] -V*  33261
c    159843204             $PRO_IP*  33269
c    159844204             $PRO_IP*  33269
c    159847404             $PRO_IP*  33269
c    159847432  $PRO_IP.NAME_C[] -V  33013
c    159847804             $PRO_IP*  33269
c    159850604             $PRO_IP*  33269
c    159851604             $PRO_IP*  33269
c    159852004             $PRO_IP*  33269
c    159852604             $PRO_IP*  33269
c    159853596      $WAIT_FOR[] -V*  33261
c    159853604             $PRO_IP*  33269
c    159853796      $WAIT_FOR[] -V*  33261
c    159854004             $PRO_IP*  33269
c    159855204             $PRO_IP*  33269
c    159856204             $PRO_IP*  33269
c    159856804             $PRO_IP*  33269
c    159857804             $PRO_IP*  33269
c    159859796      $WAIT_FOR[] -V*  33261
c    159859804             $PRO_IP*  33269
c    159916596      $WAIT_FOR[] -V*  33261
c    159916604             $PRO_IP*  33269
c    159919004             $PRO_IP*  33269
c    159919404             $PRO_IP*  33269
c    159920204             $PRO_IP*  33269
c    159920996      $WAIT_FOR[] -V*  33261
c    159921004             $PRO_IP*  33269
c    159921196      $WAIT_FOR[] -V*  33261
c    159921404             $PRO_IP*  33269
c    159922796      $WAIT_FOR[] -V*  33261
c    159922804             $PRO_IP*  33269
c    159923204             $PRO_IP*  33269
c    159924204             $PRO_IP*  33269
c    159926804             $PRO_IP*  33269
c    159928804             $PRO_IP*  33269
c    159930204             $PRO_IP*  33269
c    159931196      $WAIT_FOR[] -V*  33261
c    159931204             $PRO_IP*  33269
c    159932996      $WAIT_FOR[] -V*  33261
c    159933004             $PRO_IP*  33269
c    159933196      $WAIT_FOR[] -V*  33261
c    159933404             $PRO_IP*  33269
c    159933804             $PRO_IP*  33269
c    159935396      $WAIT_FOR[] -V*  33261
c    159935404             $PRO_IP*  33269
c    159936196      $WAIT_FOR[] -V*  33261
c    159936204             $PRO_IP*  33269
c    159937004             $PRO_IP*  33269
c    159939404             $PRO_IP*  33269
c    159939432  $PRO_IP.NAME_C[] -V  33013
c    159939804             $PRO_IP*  33269
c    159941204             $PRO_IP*  33269
c    159943404             $PRO_IP*  33269
c    159943804             $PRO_IP*  33269
c    159945004             $PRO_IP*  33269
c    159945394        $PERI_RDY -V*  33260
c    159945422          $PRO_STATE*  32781
c    159945592         $PRO_STATE1*  33258
c    160703602            $MODE_OP*  33263
c    160710192         $PRO_STATE1*  33258
c    160710206             $PRO_IP*  33269
c    160710222          $PRO_STATE*  32781
c    160710234  $PRO_IP.NAME_C[] -V  33013
c    160713196        $PERI_RDY -V*  33260
c    160715596        $PERI_RDY -V*  33260
c    160716604          $MOUSE_ACT*  33265
c    160717004          $MOUSE_ACT*  33265
c    160719596        $PERI_RDY -V*  33260
c    160724392         $PRO_STATE1*  33258
c    160724406             $PRO_IP*  33269
c    160724422          $PRO_STATE*  32781
c    160726226             $OV_PRO*  32788
c    160726426             $OV_PRO*  32788
c    160729592         $PRO_STATE1*  33258
c    160729606             $PRO_IP*  33269
c    160729622          $PRO_STATE*  32781
c    160730796        $PERI_RDY -V*  33260
c    160731826             $OV_PRO*  32788
c    160732026             $OV_PRO*  32788
c    160732802            $MODE_OP*  33263
c    160733002            $MODE_OP*  33263
c    161012602            $MODE_OP*  33263
c    161012802            $MODE_OP*  33263
c    161015992         $PRO_STATE1*  33258
c    161016006             $PRO_IP*  33269
c    161016022          $PRO_STATE*  32781
c    161017402            $MODE_OP*  33263
c    161020202            $MODE_OP*  33263
c    161021202            $MODE_OP*  33263
c    161031996        $PERI_RDY -V*  33260
c    161035392         $PRO_STATE1*  33258
c    161035406             $PRO_IP*  33269
c    161035422          $PRO_STATE*  32781
c    161035606             $PRO_IP*  33269
c    161035622          $PRO_STATE*  32781
c    161035792         $PRO_STATE1*  33258
c    161035806             $PRO_IP*  33269
c    161041996        $PERI_RDY -V*  33260
c    161042002            $MODE_OP*  33263
c    161044012         $PRO_STATE1*  33258
c    161044026             $PRO_IP*  33269
c    161044042          $PRO_STATE*  32781
c    161047816        $PERI_RDY -V*  33260
c    161048412         $PRO_STATE1*  33258
c    161048426             $PRO_IP*  33269
c    161048442          $PRO_STATE*  32781
c    161048812         $PRO_STATE1*  33258
c    161048826             $PRO_IP*  33269
c    161048842          $PRO_STATE*  32781
c    161050216        $PERI_RDY -V*  33260
c    161050622            $MODE_OP*  33263
c    161054416        $PERI_RDY -V*  33260
c    161055842          $PRO_STATE*  32781
c    161056026             $PRO_IP*  33269
c    161056042          $PRO_STATE*  32781
c    161070416        $PERI_RDY -V*  33260
c    161070422            $MODE_OP*  33263
c    161087626             $PRO_IP*  33269
c    161088646             $OV_PRO*  32788
c    161089046             $OV_PRO*  32788
c    161089646             $OV_PRO*  32788
c    161152426             $PRO_IP*  33269
c    161158214         $PRO_STATE1*  33258
c    161158228             $PRO_IP*  33269
c    161158244          $PRO_STATE*  32781
c    161162618        $PERI_RDY -V*  33260
c    161163214         $PRO_STATE1*  33258
c    161163228             $PRO_IP*  33269
c    161163244          $PRO_STATE*  32781
c    161163428             $PRO_IP*  33269
c    161163444          $PRO_STATE*  32781
c    161163614         $PRO_STATE1*  33258
c    161165818        $PERI_RDY -V*  33260
c    161168024            $MODE_OP*  33263
c    161168224            $MODE_OP*  33263
c    161173018        $PERI_RDY -V*  33260
c    161174614         $PRO_STATE1*  33258
c    161174628             $PRO_IP*  33269
c    161174644          $PRO_STATE*  32781
c    161180248             $OV_PRO*  32788
c    161190228             $PRO_IP*  33269
c    161191428             $PRO_IP*  33269
c    161203448             $OV_PRO*  32788
c    161205030             $PRO_IP*  33269
c    161205250             $OV_PRO*  32788
c    161206050             $OV_PRO*  32788
c    161208450             $OV_PRO*  32788
c    161209430             $PRO_IP*  33269
c    161210850             $OV_PRO*  32788
c    161213430             $PRO_IP*  33269
c    161213458  $PRO_IP.NAME_C[] -V  33013
c    161217450             $OV_PRO*  32788
c    161220450             $OV_PRO*  32788
c    161220850             $OV_PRO*  32788
c    161221450             $OV_PRO*  32788
c    161249250             $OV_PRO*  32788
c    161249650             $OV_PRO*  32788
c    161250050             $OV_PRO*  32788
c    161250230             $PRO_IP*  33269
c    161251250             $OV_PRO*  32788
c    161253450             $OV_PRO*  32788
c    161254050             $OV_PRO*  32788
c    161335854          $PRO_STATE*  32781
c    161336024         $PRO_STATE1*  33258
c    161336028        $PERI_RDY -V*  33260
c    161336034            $MODE_OP*  33263
c    161336038             $PRO_IP*  33269
c    161348022     $PRO_NAME1[] -V*  32785
c    161348026         $PRO_STATE1*  33258
c    161348040             $PRO_IP*  33269
c    161348056          $PRO_STATE*  32781
c    161348068  $PRO_IP.NAME_C[] -V  33013
d    161423158  $PRO_IP.NAME_C[] -V  33013
c    162101436     $PRO_NAME1[] -V*  32785
c    162101440         $PRO_STATE1*  33258
c    162101454             $PRO_IP*  33269
c    162101470          $PRO_STATE*  32781
c    162108438     $PRO_NAME1[] -V*  32785
c    162108442         $PRO_STATE1*  33258
c    162108456             $PRO_IP*  33269
c    162108472          $PRO_STATE*  32781
c    163166826     $PRO_NAME1[] -V*  32785
c    163166830         $PRO_STATE1*  33258
c    163166844             $PRO_IP*  33269
c    163166860          $PRO_STATE*  32781
c    163179626     $PRO_NAME1[] -V*  32785
c    163179630         $PRO_STATE1*  33258
c    163179644             $PRO_IP*  33269
c    163179660          $PRO_STATE*  32781
c    163186432     $PRO_NAME1[] -V*  32785
c    163186436         $PRO_STATE1*  33258
c    163186450             $PRO_IP*  33269
c    163186466          $PRO_STATE*  32781
c    163189040     $PRO_NAME1[] -V*  32785
c    163189044         $PRO_STATE1*  33258
c    163189058             $PRO_IP*  33269
c    163189074          $PRO_STATE*  32781
c    163576936     $PRO_NAME1[] -V*  32785
c    163576940         $PRO_STATE1*  33258
c    163576954             $PRO_IP*  33269
c    163576970          $PRO_STATE*  32781
c    163581780             $OV_PRO*  32788
c    163581980             $OV_PRO*  32788
c    163582180             $OV_PRO*  32788
c    163582380             $OV_PRO*  32788
c    163583780             $OV_PRO*  32788
c    163584180             $OV_PRO*  32788
c    163584580             $OV_PRO*  32788
c    163586550        $PERI_RDY -V*  33260
c    163587146         $PRO_STATE1*  33258
c    163587160             $PRO_IP*  33269
c    163587176          $PRO_STATE*  32781
c    163587946         $PRO_STATE1*  33258
c    163587976          $PRO_STATE*  32781
c    163589146         $PRO_STATE1*  33258
c    163589176          $PRO_STATE*  32781
c    163612346         $PRO_STATE1*  33258
c    163612360             $PRO_IP*  33269
c    163612376          $PRO_STATE*  32781
c    163614150        $PERI_RDY -V*  33260
c    163620150        $PERI_RDY -V*  33260
c    163620550        $PERI_RDY -V*  33260
c    163624950        $PERI_RDY -V*  33260
c    163625560             $PRO_IP*  33269
c    163628350        $PERI_RDY -V*  33260
c    163647546         $PRO_STATE1*  33258
c    163647560             $PRO_IP*  33269
c    163647576          $PRO_STATE*  32781
c    163650150        $PERI_RDY -V*  33260
c    163650760             $PRO_IP*  33269
c    163650776          $PRO_STATE*  32781
c    163650946         $PRO_STATE1*  33258
c    163650960             $PRO_IP*  33269
c    163651146         $PRO_STATE1*  33258
c    163651160             $PRO_IP*  33269
c    163651176          $PRO_STATE*  32781
c    163652950        $PERI_RDY -V*  33260
c    163657550        $PERI_RDY -V*  33260
c    163658160             $PRO_IP*  33269
c    163662150        $PERI_RDY -V*  33260
c    163666760             $PRO_IP*  33269
c    163666942     $PRO_NAME1[] -V*  32785
c    163666946         $PRO_STATE1*  33258
c    163666960             $PRO_IP*  33269
c    163666976          $PRO_STATE*  32781
c    163672956     $PRO_NAME1[] -V*  32785
c    163672960         $PRO_STATE1*  33258
c    163672974             $PRO_IP*  33269
c    163672990          $PRO_STATE*  32781
c    163675968        $PERI_RDY -V*  33260
c    163676564         $PRO_STATE1*  33258
c    163676578             $PRO_IP*  33269
c    163676594          $PRO_STATE*  32781
c    163678564         $PRO_STATE1*  33258
c    163678594          $PRO_STATE*  32781
c    163683978             $PRO_IP*  33269
c    163684564         $PRO_STATE1*  33258
c    163684578             $PRO_IP*  33269
c    163684594          $PRO_STATE*  32781
c    163685364         $PRO_STATE1*  33258
c    163685394          $PRO_STATE*  32781
c    163686364         $PRO_STATE1*  33258
c    163686394          $PRO_STATE*  32781
c    163696564         $PRO_STATE1*  33258
c    163696578             $PRO_IP*  33269
c    163696594          $PRO_STATE*  32781
c    163697764         $PRO_STATE1*  33258
c    163697778             $PRO_IP*  33269
c    163697794          $PRO_STATE*  32781
c    163699964         $PRO_STATE1*  33258
c    163699994          $PRO_STATE*  32781
c    163704580             $PRO_IP*  33269
c    163705366         $PRO_STATE1*  33258
c    163705380             $PRO_IP*  33269
c    163705396          $PRO_STATE*  32781
c    163706566         $PRO_STATE1*  33258
c    163706580             $PRO_IP*  33269
c    163706596          $PRO_STATE*  32781
c    163707566         $PRO_STATE1*  33258
c    163707580             $PRO_IP*  33269
c    163707596          $PRO_STATE*  32781
c    163708966         $PRO_STATE1*  33258
c    163708996          $PRO_STATE*  32781
c    163712770        $PERI_RDY -V*  33260
c    163729980             $PRO_IP*  33269
c    163732370        $PERI_RDY -V*  33260
c    163732966         $PRO_STATE1*  33258
c    163732980             $PRO_IP*  33269
c    163732996          $PRO_STATE*  32781
c    163744566         $PRO_STATE1*  33258
c    163744580             $PRO_IP*  33269
c    163744596          $PRO_STATE*  32781
c    163745970        $PERI_RDY -V*  33260
c    163748180             $PRO_IP*  33269
c    163748182           $PRO_MODE*  33270
c    163748380             $PRO_IP*  33269
c    163749382           $PRO_MODE*  33270
c    163750582           $PRO_MODE*  33270
c    163751582           $PRO_MODE*  33270
c    163752582           $PRO_MODE*  33270
c    163755570        $PERI_RDY -V*  33260
c    163755980             $PRO_IP*  33269
c    163757580             $PRO_IP*  33269
c    163758580             $PRO_IP*  33269
c    163759180             $PRO_IP*  33269
c    163759980             $PRO_IP*  33269
c    163760380             $PRO_IP*  33269
c    163761570        $PERI_RDY -V*  33260
c    163766570        $PERI_RDY -V*  33260
c    163767380             $PRO_IP*  33269
c    163771966         $PRO_STATE1*  33258
c    163771980             $PRO_IP*  33269
c    163771996          $PRO_STATE*  32781
c    163772166         $PRO_STATE1*  33258
c    163772180             $PRO_IP*  33269
c    163772196          $PRO_STATE*  32781
c    163774380             $PRO_IP*  33269
c    163776380             $PRO_IP*  33269
c    163778380             $PRO_IP*  33269
c    163779580             $PRO_IP*  33269
c    163780380             $PRO_IP*  33269
c    163780780             $PRO_IP*  33269
c    163780980             $PRO_IP*  33269
c    163781180             $PRO_IP*  33269
c    163781780             $PRO_IP*  33269
c    163781980             $PRO_IP*  33269
c    163782380             $PRO_IP*  33269
c    163782580             $PRO_IP*  33269
c    163782780             $PRO_IP*  33269
c    163783180             $PRO_IP*  33269
c    163783380             $PRO_IP*  33269
c    163783580             $PRO_IP*  33269
c    163783980             $PRO_IP*  33269
c    163784780             $PRO_IP*  33269
c    163786380             $PRO_IP*  33269
c    163786580             $PRO_IP*  33269
c    163786780             $PRO_IP*  33269
c    163787180             $PRO_IP*  33269
c    163787380             $PRO_IP*  33269
c    163787580             $PRO_IP*  33269
c    163787780             $PRO_IP*  33269
c    163787980             $PRO_IP*  33269
c    163788380             $PRO_IP*  33269
c    163788580             $PRO_IP*  33269
c    163788796          $PRO_STATE*  32781
c    163788980             $PRO_IP*  33269
c    163788996          $PRO_STATE*  32781
c    163789180             $PRO_IP*  33269
c    163789580             $PRO_IP*  33269
c    163790380             $PRO_IP*  33269
c    163790780             $PRO_IP*  33269
c    163790980             $PRO_IP*  33269
c    163791380             $PRO_IP*  33269
c    163791580             $PRO_IP*  33269
c    163791980             $PRO_IP*  33269
c    163792180             $PRO_IP*  33269
c    163792580             $PRO_IP*  33269
c    163792980             $PRO_IP*  33269
c    163794370        $PERI_RDY -V*  33260
c    163798170        $PERI_RDY -V*  33260
c    163798180             $PRO_IP*  33269
c    163798780             $PRO_IP*  33269
c    163799380             $PRO_IP*  33269
c    163799780             $PRO_IP*  33269
c    163800380             $PRO_IP*  33269
c    163800980             $PRO_IP*  33269
c    163801780             $PRO_IP*  33269
c    163805180             $PRO_IP*  33269
c    163808180             $PRO_IP*  33269
c    163808780             $PRO_IP*  33269
c    163809180             $PRO_IP*  33269
c    163809380             $PRO_IP*  33269
c    163809580             $PRO_IP*  33269
c    163810366         $PRO_STATE1*  33258
c    163810380             $PRO_IP*  33269
c    163810396          $PRO_STATE*  32781
c    163810566         $PRO_STATE1*  33258
c    163810596          $PRO_STATE*  32781
c    163810796          $PRO_STATE*  32781
c    163810966         $PRO_STATE1*  33258
c    163815566         $PRO_STATE1*  33258
c    163815580             $PRO_IP*  33269
c    163815596          $PRO_STATE*  32781
c    163816580             $PRO_IP*  33269
c    163817980             $PRO_IP*  33269
c    163818380             $PRO_IP*  33269
c    163818980             $PRO_IP*  33269
c    163819380             $PRO_IP*  33269
c    163819780             $PRO_IP*  33269
c    163820980             $PRO_IP*  33269
c    163821180             $PRO_IP*  33269
c    163821980             $PRO_IP*  33269
c    163822580             $PRO_IP*  33269
c    163823580             $PRO_IP*  33269
c    163824396          $PRO_STATE*  32781
c    163824580             $PRO_IP*  33269
c    163824596          $PRO_STATE*  32781
c    163824980             $PRO_IP*  33269
c    163825580             $PRO_IP*  33269
c    163826180             $PRO_IP*  33269
c    163826980             $PRO_IP*  33269
c    163828180             $PRO_IP*  33269
c    163829980             $PRO_IP*  33269
c    163831380             $PRO_IP*  33269
c    163831580             $PRO_IP*  33269
c    163832780             $PRO_IP*  33269
c    163833180             $PRO_IP*  33269
c    163834980             $PRO_IP*  33269
c    163837380             $PRO_IP*  33269
c    163839170        $PERI_RDY -V*  33260
c    163857164     $PRO_NAME1[] -V*  32785
c    163857168         $PRO_STATE1*  33258
c    163857182             $PRO_IP*  33269
c    163857198          $PRO_STATE*  32781
c    163863770     $PRO_NAME1[] -V*  32785
c    163863774         $PRO_STATE1*  33258
c    163863788             $PRO_IP*  33269
c    163863804          $PRO_STATE*  32781
c    163867782        $PERI_RDY -V*  33260
c    163868178         $PRO_STATE1*  33258
c    163868192             $PRO_IP*  33269
c    163868208          $PRO_STATE*  32781
c    163871792             $PRO_IP*  33269
c    163872982        $PERI_RDY -V*  33260
c    163873792             $PRO_IP*  33269
c    163873794           $PRO_MODE*  33270
c    163873992             $PRO_IP*  33269
c    163876782        $PERI_RDY -V*  33260
c    163877178         $PRO_STATE1*  33258
c    163877192             $PRO_IP*  33269
c    163877208          $PRO_STATE*  32781
c    163899778         $PRO_STATE1*  33258
c    163899792             $PRO_IP*  33269
c    163899808          $PRO_STATE*  32781
c    163900982        $PERI_RDY -V*  33260
c    163904188            $MODE_OP*  33263
c    163904812             $OV_PRO*  32788
c    163905212             $OV_PRO*  32788
c    163905612             $OV_PRO*  32788
c    163906012             $OV_PRO*  32788
c    163907212             $OV_PRO*  32788
c    163908582        $PERI_RDY -V*  33260
c    163910978         $PRO_STATE1*  33258
c    163910992             $PRO_IP*  33269
c    163911008          $PRO_STATE*  32781
c    163913212             $OV_PRO*  32788
c    163913612             $OV_PRO*  32788
c    163914612             $OV_PRO*  32788
c    163914792             $PRO_IP*  33269
c    163915812             $OV_PRO*  32788
c    163915992             $PRO_IP*  33269
c    163917192             $PRO_IP*  33269
c    163918792             $PRO_IP*  33269
c    163920012             $OV_PRO*  32788
c    163920592             $PRO_IP*  33269
c    163921592             $PRO_IP*  33269
c    163921792             $PRO_IP*  33269
c    163922392             $PRO_IP*  33269
c    163923392             $PRO_IP*  33269
c    163923812             $OV_PRO*  32788
c    163925812             $OV_PRO*  32788
c    163925992             $PRO_IP*  33269
c    163928192             $PRO_IP*  33269
c    163928592             $PRO_IP*  33269
c    163929392             $PRO_IP*  33269
c    163930384      $WAIT_FOR[] -V*  33261
c    163930392             $PRO_IP*  33269
c    163931984      $WAIT_FOR[] -V*  33261
c    163931992             $PRO_IP*  33269
c    163932392             $PRO_IP*  33269
c    163933592             $PRO_IP*  33269
c    163934612             $OV_PRO*  32788
c    163935592             $PRO_IP*  33269
c    163936992             $PRO_IP*  33269
c    163937012             $OV_PRO*  32788
c    163938392             $PRO_IP*  33269
c    163939384      $WAIT_FOR[] -V*  33261
c    163939392             $PRO_IP*  33269
c    163941184      $WAIT_FOR[] -V*  33261
c    163941192             $PRO_IP*  33269
c    163941384      $WAIT_FOR[] -V*  33261
c    163941392             $PRO_IP*  33269
c    163941792             $PRO_IP*  33269
c    163943012             $OV_PRO*  32788
c    163943612             $OV_PRO*  32788
c    163943784      $WAIT_FOR[] -V*  33261
c    163943792             $PRO_IP*  33269
c    163944612             $OV_PRO*  32788
c    163944784      $WAIT_FOR[] -V*  33261
c    163944792             $PRO_IP*  33269
c    163945992             $PRO_IP*  33269
c    163946612             $OV_PRO*  32788
c    163947212             $OV_PRO*  32788
c    163951412             $OV_PRO*  32788
c    163951812             $OV_PRO*  32788
c    163954592             $PRO_IP*  33269
c    163955412             $OV_PRO*  32788
c    163958612             $OV_PRO*  32788
c    163959378         $PRO_STATE1*  33258
c    163959392             $PRO_IP*  33269
c    163959408          $PRO_STATE*  32781
n    163980370  $PRO_IP.NAME_C[] -V  33230
c    163980620  $PRO_IP.NAME_C[] -V  33230
d    164020572  $PRO_IP.NAME_C[] -V  33230
c    164028614             $OV_PRO*  32788
c    164028814             $OV_PRO*  32788
c    164034984        $PERI_RDY -V*  33260
c    164034990            $MODE_OP*  33263
c    164043990            $MODE_OP*  33263
c    164047584        $PERI_RDY -V*  33260
c    164054580         $PRO_STATE1*  33258
c    164054594             $PRO_IP*  33269
c    164054610          $PRO_STATE*  32781
c    164056814             $OV_PRO*  32788
c    164060394             $PRO_IP*  33269
c    164063594             $PRO_IP*  33269
c    164063814             $OV_PRO*  32788
c    164068614             $OV_PRO*  32788
c    164070394             $PRO_IP*  33269
c    164070614             $OV_PRO*  32788
c    164071194             $PRO_IP*  33269
c    164075814             $OV_PRO*  32788
c    164077814             $OV_PRO*  32788
c    164079814             $OV_PRO*  32788
c    164081814             $OV_PRO*  32788
c    164082414             $OV_PRO*  32788
c    164084414             $OV_PRO*  32788
c    164085814             $OV_PRO*  32788
c    164092180         $PRO_STATE1*  33258
c    164092184        $PERI_RDY -V*  33260
c    164092190            $MODE_OP*  33263
c    164092194             $PRO_IP*  33269
c    164092210          $PRO_STATE*  32781
c    164099194             $PRO_IP*  33269
c    164099196           $PRO_MODE*  33270
c    164099394             $PRO_IP*  33269
c    164101784        $PERI_RDY -V*  33260
c    164105394             $PRO_IP*  33269
c    164105410          $PRO_STATE*  32781
c    164105580         $PRO_STATE1*  33258
c    164107414             $OV_PRO*  32788
c    164107814             $OV_PRO*  32788
c    164108214             $OV_PRO*  32788
c    164108614             $OV_PRO*  32788
c    164109780         $PRO_STATE1*  33258
c    164109794             $PRO_IP*  33269
c    164109810          $PRO_STATE*  32781
c    164115780         $PRO_STATE1*  33258
c    164115786      $WAIT_FOR[] -V*  33261
c    164115794             $PRO_IP*  33269
c    164115810          $PRO_STATE*  32781
c    164115986      $WAIT_FOR[] -V*  33261
c    164115994             $PRO_IP*  33269
c    164125410          $PRO_STATE*  32781
c    164125580         $PRO_STATE1*  33258
c    164126984        $PERI_RDY -V*  33260
c    164126990            $MODE_OP*  33263
c    164126996           $PRO_MODE*  33270
c    164132380         $PRO_STATE1*  33258
c    164132384        $PERI_RDY -V*  33260
c    164132410          $PRO_STATE*  32781
c    164133780         $PRO_STATE1*  33258
c    164133794             $PRO_IP*  33269
c    164133810          $PRO_STATE*  32781
c    164139014             $OV_PRO*  32788
c    164143780         $PRO_STATE1*  33258
c    164143794             $PRO_IP*  33269
c    164143810          $PRO_STATE*  32781
c    164145614             $OV_PRO*  32788
c    164145994             $PRO_IP*  33269
c    164147394             $PRO_IP*  33269
c    164148194             $PRO_IP*  33269
c    164148414             $OV_PRO*  32788
c    164148594             $PRO_IP*  33269
c    164149386      $WAIT_FOR[] -V*  33261
c    164149394             $PRO_IP*  33269
c    164149586      $WAIT_FOR[] -V*  33261
c    164149594             $PRO_IP*  33269
c    164150394             $PRO_IP*  33269
c    164151394             $PRO_IP*  33269
c    164151594             $PRO_IP*  33269
c    164151994             $PRO_IP*  33269
c    164152594             $PRO_IP*  33269
c    164153994             $PRO_IP*  33269
c    164155594             $PRO_IP*  33269
c    164155794             $PRO_IP*  33269
c    164156394             $PRO_IP*  33269
c    164156986      $WAIT_FOR[] -V*  33261
c    164156994             $PRO_IP*  33269
c    164157186      $WAIT_FOR[] -V*  33261
c    164157194             $PRO_IP*  33269
c    164158786      $WAIT_FOR[] -V*  33261
c    164158794             $PRO_IP*  33269
c    164158994             $PRO_IP*  33269
c    164159794             $PRO_IP*  33269
c    164161394             $PRO_IP*  33269
c    164162994             $PRO_IP*  33269
c    164163794             $PRO_IP*  33269
c    164164588      $WAIT_FOR[] -V*  33261
c    164164596             $PRO_IP*  33269
c    164166388      $WAIT_FOR[] -V*  33261
c    164166396             $PRO_IP*  33269
c    164166588      $WAIT_FOR[] -V*  33261
c    164166596             $PRO_IP*  33269
c    164166788      $WAIT_FOR[] -V*  33261
c    164166796             $PRO_IP*  33269
c    164166996             $PRO_IP*  33269
c    164168188      $WAIT_FOR[] -V*  33261
c    164168196             $PRO_IP*  33269
c    164168988      $WAIT_FOR[] -V*  33261
c    164168996             $PRO_IP*  33269
c    164169596             $PRO_IP*  33269
c    164171196             $PRO_IP*  33269
c    164171616             $OV_PRO*  32788
c    164172216             $OV_PRO*  32788
c    164172616             $OV_PRO*  32788
c    164172996             $PRO_IP*  33269
c    164173216             $OV_PRO*  32788
c    164173816             $OV_PRO*  32788
c    164176616             $OV_PRO*  32788
c    164176816             $OV_PRO*  32788
c    164177616             $OV_PRO*  32788
c    164178616             $OV_PRO*  32788
c    164181816             $OV_PRO*  32788
c    164183196             $PRO_IP*  33269
c    164183596             $PRO_IP*  33269
c    164185216             $OV_PRO*  32788
c    164185616             $OV_PRO*  32788
c    164189816             $OV_PRO*  32788
c    164190016             $OV_PRO*  32788
c    164247216             $OV_PRO*  32788
c    164247816             $OV_PRO*  32788
c    164248388      $WAIT_FOR[] -V*  33261
c    164248396             $PRO_IP*  33269
c    164248588      $WAIT_FOR[] -V*  33261
c    164248796             $PRO_IP*  33269
c    164255016             $OV_PRO*  32788
c    164255416             $OV_PRO*  32788
c    164255816             $OV_PRO*  32788
c    164256596             $PRO_IP*  33269
c    164259216             $OV_PRO*  32788
c    164259796             $PRO_IP*  33269
c    164259816             $OV_PRO*  32788
c    164260196             $PRO_IP*  33269
c    164261816             $OV_PRO*  32788
c    164262216             $OV_PRO*  32788
c    164262616             $OV_PRO*  32788
c    164263996             $PRO_IP*  33269
c    164264416             $OV_PRO*  32788
c    164264796             $PRO_IP*  33269
c    164265016             $OV_PRO*  32788
c    164265196             $PRO_IP*  33269
c    164265416             $OV_PRO*  32788
c    164265616             $OV_PRO*  32788
c    164265816             $OV_PRO*  32788
c    164266016             $OV_PRO*  32788
c    164284782         $PRO_STATE1*  33258
c    164284786        $PERI_RDY -V*  33260
c    164284792            $MODE_OP*  33263
c    164284796             $PRO_IP*  33269
c    164284812          $PRO_STATE*  32781
n    164359774  $PRO_IP.NAME_C[] -V  32980
c    164360024  $PRO_IP.NAME_C[] -V  32980
d    164383176  $PRO_IP.NAME_C[] -V  32980
c    164390980     $PRO_NAME1[] -V*  32785
c    164390984         $PRO_STATE1*  33258
c    164390998             $PRO_IP*  33269
c    164391014          $PRO_STATE*  32781
d    164485606             $PRO_IP*  33269
n    164487206             $PRO_IP*  33082
c    164487428             $PRO_IP*  33082
d    164508806             $PRO_IP*  33082
n    164510806             $PRO_IP*  33085
c    164511028             $PRO_IP*  33085
d    164575856             $PRO_IP*  33085
n    164577454             $PRO_IP*  33088
c    164577628             $PRO_IP*  33088
d    164606856             $PRO_IP*  33088
n    164608806             $PRO_IP*  33091
c    164609028             $PRO_IP*  33091
d    164619656             $PRO_IP*  33091
n    164621006             $PRO_IP*  33094
c    164621228             $PRO_IP*  33094
c    164692720             $PRO_IP*  33094
c    164692736          $PRO_STATE*  32781
c    164692902     $PRO_NAME1[] -V*  32785
c    164692906         $PRO_STATE1*  33258
c    164713746             $OV_PRO*  32788
c    164714346             $OV_PRO*  32788
c    164714746             $OV_PRO*  32788
c    164714946             $OV_PRO*  32788
c    164715146             $OV_PRO*  32788
c    164715346             $OV_PRO*  32788
c    164715546             $OV_PRO*  32788
c    164721724          $MOUSE_ACT*  33265
c    164722724          $MOUSE_ACT*  33265
c    164724724          $MOUSE_ACT*  33265
c    164725724          $MOUSE_ACT*  33265
c    164726734           $TRANSSYS*  33273
c    164727932              $COSYS*  33272
c    164728932              $COSYS*  33272
c    164728934           $TRANSSYS*  33273
c    164729332              $COSYS*  33272
c    164738716        $PERI_RDY -V*  33260
c    164782516        $PERI_RDY -V*  33260
c    164784732              $COSYS*  33272
c    164784934           $TRANSSYS*  33273
c    164787316        $PERI_RDY -V*  33260
c    164792116        $PERI_RDY -V*  33260
c    164796916        $PERI_RDY -V*  33260
c    164804316        $PERI_RDY -V*  33260
c    164815128             $PRO_IP*  33094
c    164817518        $PERI_RDY -V*  33260
c    164817914         $PRO_STATE1*  33258
c    164817928             $PRO_IP*  33094
c    164817944          $PRO_STATE*  32781
c    164822314         $PRO_STATE1*  33258
c    164822328             $PRO_IP*  33094
c    164822344          $PRO_STATE*  32781
c    164824718        $PERI_RDY -V*  33260
c    164830918        $PERI_RDY -V*  33260
c    164831528             $PRO_IP*  33094
c    164831544          $PRO_STATE*  32781
c    164831714         $PRO_STATE1*  33258
c    164831728             $PRO_IP*  33094
c    164832314         $PRO_STATE1*  33258
c    164832344          $PRO_STATE*  32781
c    164833114         $PRO_STATE1*  33258
c    164833144          $PRO_STATE*  32781
c    164833714         $PRO_STATE1*  33258
c    164833744          $PRO_STATE*  32781
c    164833914         $PRO_STATE1*  33258
c    164833944          $PRO_STATE*  32781
c    164847714         $PRO_STATE1*  33258
c    164847728             $PRO_IP*  33094
c    164847744          $PRO_STATE*  32781
c    164861918        $PERI_RDY -V*  33260
c    164868718        $PERI_RDY -V*  33260
c    164972318        $PERI_RDY -V*  33260
d    164983706             $PRO_IP*  33094
n    165000716             $PRO_IP*  32775
c    165000938             $PRO_IP*  32775
c    165001138             $PRO_IP*  32775
d    165004916             $PRO_IP*  32775
n    165056734             $PRO_IP*  32870
c    165056956             $PRO_IP*  32870
c    165057156             $PRO_IP*  32870
c    165067746        $PERI_RDY -V*  33260
c    165075146        $PERI_RDY -V*  33260
c    165109358             $PRO_IP*  32870
c    165112560             $PRO_IP*  32870
c    165114950        $PERI_RDY -V*  33260
c    165115346         $PRO_STATE1*  33258
c    165115360             $PRO_IP*  32870
c    165115376          $PRO_STATE*  32781
c    165116146         $PRO_STATE1*  33258
c    165116176          $PRO_STATE*  32781
c    165116576          $PRO_STATE*  32781
c    165116746         $PRO_STATE1*  33258
c    165120760             $PRO_IP*  32870
c    165120776          $PRO_STATE*  32781
c    165120946         $PRO_STATE1*  33258
c    165122346         $PRO_STATE1*  33258
c    165122360             $PRO_IP*  32870
c    165122376          $PRO_STATE*  32781
c    165122746         $PRO_STATE1*  33258
c    165122776          $PRO_STATE*  32781
c    165123376          $PRO_STATE*  32781
c    165123546         $PRO_STATE1*  33258
c    165123946         $PRO_STATE1*  33258
c    165124146         $PRO_STATE1*  33258
c    165135778             $OV_JOG*  32787
c    165140960             $PRO_IP*  32870
c    165142146         $PRO_STATE1*  33258
c    165142176          $PRO_STATE*  32781
c    165152350        $PERI_RDY -V*  33260
c    165160162             $PRO_IP*  32870
c    165273964             $PRO_IP*  32870
c    165276754        $PERI_RDY -V*  33260
c    165277550         $PRO_STATE1*  33258
c    165277564             $PRO_IP*  32870
c    165277580          $PRO_STATE*  32781
c    165280964             $PRO_IP*  32870
c    165280980          $PRO_STATE*  32781
c    165281150         $PRO_STATE1*  33258
c    165281564             $PRO_IP*  32870
c    165285754        $PERI_RDY -V*  33260
c    165290554        $PERI_RDY -V*  33260
c    165291380          $PRO_STATE*  32781
c    165291580          $PRO_STATE*  32781
c    165293754        $PERI_RDY -V*  33260
c    165380546     $PRO_NAME1[] -V*  32785
c    165380550         $PRO_STATE1*  33258
c    165380564             $PRO_IP*  32870
c    165380580          $PRO_STATE*  32781
c    165384958         $PRO_STATE0*  33257
c    165385758         $PRO_STATE0*  33257
e    00000000             $PRO_IP*  33269
c    159199578      $WAIT_FOR[] -V*  33261
c    159199586             $PRO_IP*  33269
c    159199986             $PRO_IP*  33269
c    159200986             $PRO_IP*  33269
c    159203386             $PRO_IP*  33269
c    159205586             $PRO_IP*  33269
c    159206986             $PRO_IP*  33269
c    159207978      $WAIT_FOR[] -V*  33261
c    159207986             $PRO_IP*  33269
c    159209778      $WAIT_FOR[] -V*  33261
c    159209786             $PRO_IP*  33269
c    159209978      $WAIT_FOR[] -V*  33261
c    159210186             $PRO_IP*  33269
c    159210586             $PRO_IP*  33269
c    159211986             $PRO_IP*  33269
c    159212178      $WAIT_FOR[] -V*  33261
c    159212978      $WAIT_FOR[] -V*  33261
c    159212986             $PRO_IP*  33269
c    159213786             $PRO_IP*  33269
c    159216186             $PRO_IP*  33269
c    159217786             $PRO_IP*  33269
c    159220186             $PRO_IP*  33269
c    159220586             $PRO_IP*  33269
c    159222178      $WAIT_FOR[] -V*  33261
c    159222186             $PRO_IP*  33269
c    159222378      $WAIT_FOR[] -V*  33261
c    159222586             $PRO_IP*  33269
c    159223986             $PRO_IP*  33269
c    159227186             $PRO_IP*  33269
c    159230386             $PRO_IP*  33269
c    159231386             $PRO_IP*  33269
c    159231786             $PRO_IP*  33269
c    159232386             $PRO_IP*  33269
c    159233386             $PRO_IP*  33269
c    159234786             $PRO_IP*  33269
c    159235786             $PRO_IP*  33269
c    159236386             $PRO_IP*  33269
c    159237586             $PRO_IP*  33269
c    159239378      $WAIT_FOR[] -V*  33261
c    159239386             $PRO_IP*  33269
c    159274172         $PRO_STATE1*  33258
c    159274178      $WAIT_FOR[] -V*  33261
c    159274186             $PRO_IP*  33269
c    159274202          $PRO_STATE*  32781
c    159275376        $PERI_RDY -V*  33260
c    159608776        $PERI_RDY -V*  33260
c    159609572         $PRO_STATE1*  33258
c    159609586             $PRO_IP*  33269
c    159609602          $PRO_STATE*  32781
c    159609986             $PRO_IP*  33269
c    159611986             $PRO_IP*  33269
c    159612386             $PRO_IP*  33269
c    159613186             $PRO_IP*  33269
c    159613978      $WAIT_FOR[] -V*  33261
c    159613986             $PRO_IP*  33269
c    159614178      $WAIT_FOR[] -V*  33261
c    159614386             $PRO_IP*  33269
c    159615778      $WAIT_FOR[] -V*  33261
c    159615786             $PRO_IP*  33269
c    159616186             $PRO_IP*  33269
c    159617186             $PRO_IP*  33269
c    159619786             $PRO_IP*  33269
c    159621786             $PRO_IP*  33269
c    159623186             $PRO_IP*  33269
c    159624178      $WAIT_FOR[] -V*  33261
c    159624186             $PRO_IP*  33269
c    159625978      $WAIT_FOR[] -V*  33261
c    159625986             $PRO_IP*  33269
c    159626178      $WAIT_FOR[] -V*  33261
c    159626386             $PRO_IP*  33269
c    159626786             $PRO_IP*  33269
c    159628378      $WAIT_FOR[] -V*  33261
c    159628386             $PRO_IP*  33269
c    159629178      $WAIT_FOR[] -V*  33261
c    159629186             $PRO_IP*  33269
c    159629986             $PRO_IP*  33269
c    159632386             $PRO_IP*  33269
c    159633986             $PRO_IP*  33269
c    159636386             $PRO_IP*  33269
c    159636786             $PRO_IP*  33269
c    159638178      $WAIT_FOR[] -V*  33261
c    159638186             $PRO_IP*  33269
c    159638378      $WAIT_FOR[] -V*  33261
c    159638586             $PRO_IP*  33269
c    159639786             $PRO_IP*  33269
c    159642986             $PRO_IP*  33269
c    159643388             $PRO_IP*  33269
c    159646188             $PRO_IP*  33269
c    159647188             $PRO_IP*  33269
c    159647588             $PRO_IP*  33269
c    159648188             $PRO_IP*  33269
c    159649180      $WAIT_FOR[] -V*  33261
c    159649188             $PRO_IP*  33269
c    159649380      $WAIT_FOR[] -V*  33261
c    159649588             $PRO_IP*  33269
c    159650588             $PRO_IP*  33269
c    159651588             $PRO_IP*  33269
c    159651988             $PRO_IP*  33269
c    159652388             $PRO_IP*  33269
c    159653388             $PRO_IP*  33269
c    159655180      $WAIT_FOR[] -V*  33261
c    159655188             $PRO_IP*  33269
n    159695366     nContadorPiezas*  32994
c    159695616     nContadorPiezas*  32994
n    159695766      Longitud_pieza*  32995
c    159696018      Longitud_pieza*  32995
n    159696166         caja_madera*  32996
c    159696420         caja_madera*  32996
c    159711980      $WAIT_FOR[] -V*  33261
c    159711988             $PRO_IP*  33269
c    159714188             $PRO_IP*  33269
c    159714588             $PRO_IP*  33269
c    159715388             $PRO_IP*  33269
c    159716180      $WAIT_FOR[] -V*  33261
c    159716188             $PRO_IP*  33269
c    159716380      $WAIT_FOR[] -V*  33261
c    159716588             $PRO_IP*  33269
c    159717980      $WAIT_FOR[] -V*  33261
c    159717988             $PRO_IP*  33269
c    159718388             $PRO_IP*  33269
c    159719588             $PRO_IP*  33269
c    159721988             $PRO_IP*  33269
c    159724188             $PRO_IP*  33269
c    159725388             $PRO_IP*  33269
c    159726380      $WAIT_FOR[] -V*  33261
c    159726388             $PRO_IP*  33269
d    159727766         caja_madera*  32996
d    159727768      Longitud_pieza*  32995
d    159727768     nContadorPiezas*  32994
c    159728188      $WAIT_FOR[] -V*  33261
c    159728196             $PRO_IP*  33269
c    159728388      $WAIT_FOR[] -V*  33261
c    159728590      $WAIT_FOR[] -V*  33261
c    159728598             $PRO_IP*  33269
c    159729000             $PRO_IP*  33269
c    159730596      $WAIT_FOR[] -V*  33261
c    159730604             $PRO_IP*  33269
c    159731396      $WAIT_FOR[] -V*  33261
c    159731404             $PRO_IP*  33269
c    159732204             $PRO_IP*  33269
c    159734604             $PRO_IP*  33269
c    159736204             $PRO_IP*  33269
c    159736604             $PRO_IP*  33269
n    159736982  $PRO_IP.NAME_C[] -V  33013
c    159737232  $PRO_IP.NAME_C[] -V  33013
c    159738604             $PRO_IP*  33269
c    159739004             $PRO_IP*  33269
c    159740396      $WAIT_FOR[] -V*  33261
c    159740404             $PRO_IP*  33269
c    159740596      $WAIT_FOR[] -V*  33261
c    159740804             $PRO_IP*  33269
c    159742004             $PRO_IP*  33269
c    159745004             $PRO_IP*  33269
c    159745232  $PRO_IP.NAME_C[] -V  33013
c    159745404             $PRO_IP*  33269
c    159748204             $PRO_IP*  33269
c    159749204             $PRO_IP*  33269
c    159749604             $PRO_IP*  33269
c    159750204             $PRO_IP*  33269
c    159751204             $PRO_IP*  33269
c    159751604             $PRO_IP*  33269
c    159752804             $PRO_IP*  33269
c    159753804             $PRO_IP*  33269
c    159754404             $PRO_IP*  33269
c    159755604             $PRO_IP*  33269
c    159757396      $WAIT_FOR[] -V*  33261
c    159757404             $PRO_IP*  33269
c    159814196      $WAIT_FOR[] -V*  33261
c    159814204             $PRO_IP*  33269
c    159816604             $PRO_IP*  33269
c    159817004             $PRO_IP*  33269
