


===================================================================================
== Fehler bei Warmstart                                                          ==
== Datum: 5.5.20  Zeit: 7:2:52
== Grund:                                                                        ==
==  Akku abschalten (Systemfehler in KAF, KFI, ADS Tasks
===================================================================================



===================================================================================
== Fehler bei Warmstart                                                          ==
== Datum: 27.6.23  Zeit: 10:6:43
== Grund:                                                                        ==
==  Akku abschalten (Systemfehler in KAF, KFI, ADS Tasks
===================================================================================



===================================================================================
== Fehler bei Warmstart                                                          ==
== Datum: 28.6.23  Zeit: 16:50:29
== Grund:                                                                        ==
==  Akku abschalten (Systemfehler in KAF, KFI, ADS Tasks
===================================================================================



===================================================================================
== Fehler bei Warmstart                                                          ==
== Datum: 27.12.23  Zeit: 12:27:42
== Grund:                                                                        ==
==  Das IO-System blockiert den io_up_down () - Aufruf 
===================================================================================
10010bfa _vxTaskEntry   +a  : _nrkNonCycCtrlTsk (107b1428, 1e, 0, 0, 0, 0, 0, 0, 0, 0)
1029c237 _nrkNonCycCtrlTsk+393: _spuewa ([107b19cc, ffffffff, 1e, 1029c590, 0])
100300c5 _spuewa        +645: _WaitForCross (107946b0, 107946b0)
10030d0f _WaitForCross  +2b : _tk_delay ([64, 1, 0, 105a9e8c, 100300ca])
1029bce5 _tk_delay      +131: _taskDelay ([258, 1, 16, 7ffac004, 1e00])



===================================================================================
== Fehler bei Warmstart                                                          ==
== Datum: 27.2.25  Zeit: 13:10:22
== Grund:                                                                        ==
==  Akku abschalten (Systemfehler in KAF, KFI, ADS Tasks
===================================================================================
